2025-11-26 16:30:01,809:DEBUG:certbot._internal.main:certbot version: 5.1.0
2025-11-26 16:30:01,844:DEBUG:certbot._internal.main:Location of certbot entry point: /opt/certbot/bin/certbot
2025-11-26 16:30:01,844:DEBUG:certbot._internal.main:Arguments: ['--config', '/etc/letsencrypt.ini', '--work-dir', '/tmp/letsencrypt-lib', '--logs-dir', '/data/logs', '--cert-path', '/etc/letsencrypt/live/npm-6/fullchain.pem', '--delete-after-revoke']
2025-11-26 16:30:01,844:DEBUG:certbot._internal.main:Discovered plugins: PluginsRegistry(PluginEntryPoint#manual,PluginEntryPoint#null,PluginEntryPoint#standalone,PluginEntryPoint#webroot)
2025-11-26 16:30:01,992:DEBUG:certbot._internal.log:Root logging level set at 30
2025-11-26 16:30:02,017:DEBUG:certbot._internal.main:Revoking /etc/letsencrypt/live/npm-6/fullchain.pem using Account Key
2025-11-26 16:30:02,421:DEBUG:acme.client:Sending GET request to https://acme-v02.api.letsencrypt.org/directory.
2025-11-26 16:30:02,443:DEBUG:urllib3.connectionpool:Starting new HTTPS connection (1): acme-v02.api.letsencrypt.org:443
2025-11-26 16:30:05,961:DEBUG:urllib3.connectionpool:https://acme-v02.api.letsencrypt.org:443 "GET /directory HTTP/1.1" 200 1063
2025-11-26 16:30:05,963:DEBUG:acme.client:Received response:
HTTP 200
Server: nginx
Date: Wed, 26 Nov 2025 16:30:05 GMT
Content-Type: application/json
Content-Length: 1063
Connection: keep-alive
Cache-Control: public, max-age=0, no-cache
X-Frame-Options: DENY
Strict-Transport-Security: max-age=604800

{
  "GsfxYq7aT-E": "https://community.letsencrypt.org/t/adding-random-entries-to-the-directory/33417",
  "keyChange": "https://acme-v02.api.letsencrypt.org/acme/key-change",
  "meta": {
    "caaIdentities": [
      "letsencrypt.org"
    ],
    "profiles": {
      "classic": "https://letsencrypt.org/docs/profiles#classic",
      "shortlived": "https://letsencrypt.org/docs/profiles#shortlived (not yet generally available)",
      "tlsclient": "https://letsencrypt.org/docs/profiles#tlsclient",
      "tlsserver": "https://letsencrypt.org/docs/profiles#tlsserver"
    },
    "termsOfService": "https://letsencrypt.org/documents/LE-SA-v1.6-August-18-2025.pdf",
    "website": "https://letsencrypt.org"
  },
  "newAccount": "https://acme-v02.api.letsencrypt.org/acme/new-acct",
  "newNonce": "https://acme-v02.api.letsencrypt.org/acme/new-nonce",
  "newOrder": "https://acme-v02.api.letsencrypt.org/acme/new-order",
  "renewalInfo": "https://acme-v02.api.letsencrypt.org/acme/renewal-info",
  "revokeCert": "https://acme-v02.api.letsencrypt.org/acme/revoke-cert"
}
2025-11-26 16:30:05,967:DEBUG:certbot._internal.log:Exiting abnormally:
Traceback (most recent call last):
  File "/opt/certbot/bin/certbot", line 7, in <module>
    sys.exit(main())
             ^^^^^^
  File "/opt/certbot/lib/python3.11/site-packages/certbot/main.py", line 18, in main
    return internal_main.main(cli_args)
           ^^^^^^^^^^^^^^^^^^^^^^^^^^^^
  File "/opt/certbot/lib/python3.11/site-packages/certbot/_internal/main.py", line 1850, in main
    return config.func(config, plugins)
           ^^^^^^^^^^^^^^^^^^^^^^^^^^^^
  File "/opt/certbot/lib/python3.11/site-packages/certbot/_internal/main.py", line 1351, in revoke
    with open(config.cert_path, 'rb') as f:
         ^^^^^^^^^^^^^^^^^^^^^^^^^^^^
FileNotFoundError: [Errno 2] No such file or directory: '/etc/letsencrypt/live/npm-6/fullchain.pem'
2025-11-26 16:30:05,977:ERROR:certbot._internal.log:An unexpected error occurred:
2025-11-26 16:30:05,977:ERROR:certbot._internal.log:FileNotFoundError: [Errno 2] No such file or directory: '/etc/letsencrypt/live/npm-6/fullchain.pem'
